0 info it worked if it ends with ok
1 verbose cli [ 'C:\\Program Files\\nodejs\\node.exe',
1 verbose cli   'C:\\Program Files\\nodejs\\node_modules\\npm\\bin\\npm-cli.js',
1 verbose cli   'install',
1 verbose cli   'socket.io',
1 verbose cli   '--save' ]
2 info using npm@3.10.10
3 info using node@v6.11.4
4 silly loadCurrentTree Starting
5 silly install loadCurrentTree
6 silly install readLocalPackageData
7 silly fetchPackageMetaData socket.io
8 silly fetchNamedPackageData socket.io
9 silly mapToRegistry name socket.io
10 silly mapToRegistry using default registry
11 silly mapToRegistry registry https://registry.npmjs.org/
12 silly mapToRegistry data Result {
12 silly mapToRegistry   raw: 'socket.io',
12 silly mapToRegistry   scope: null,
12 silly mapToRegistry   escapedName: 'socket.io',
12 silly mapToRegistry   name: 'socket.io',
12 silly mapToRegistry   rawSpec: '',
12 silly mapToRegistry   spec: 'latest',
12 silly mapToRegistry   type: 'tag' }
13 silly mapToRegistry uri https://registry.npmjs.org/socket.io
14 verbose request uri https://registry.npmjs.org/socket.io
15 verbose request no auth needed
16 info attempt registry request try #1 at 2:36:14 AM
17 verbose request id b9ceb496f7717c3f
18 verbose etag W/"59ff7220-29294"
19 verbose lastModified Sun, 05 Nov 2017 20:18:40 GMT
20 http request GET https://registry.npmjs.org/socket.io
21 info retry will retry, error on last attempt: Error: tunneling socket could not be established, statusCode=403
22 info attempt registry request try #2 at 2:36:24 AM
23 verbose etag W/"59ff7220-29294"
24 verbose lastModified Sun, 05 Nov 2017 20:18:40 GMT
25 http request GET https://registry.npmjs.org/socket.io
26 info retry will retry, error on last attempt: Error: tunneling socket could not be established, statusCode=403
27 verbose stack Error: kill ENOSYS
27 verbose stack     at Object.exports._errnoException (util.js:1020:11)
27 verbose stack     at process.kill (internal/process.js:191:18)
27 verbose stack     at process.listener (C:\Program Files\nodejs\node_modules\npm\node_modules\npmlog\node_modules\gauge\node_modules\signal-exit\index.js:86:15)
27 verbose stack     at emitNone (events.js:91:20)
27 verbose stack     at process.emit (events.js:185:7)
27 verbose stack     at processEmit (C:\Program Files\nodejs\node_modules\npm\node_modules\npmlog\node_modules\gauge\node_modules\signal-exit\index.js:146:32)
27 verbose stack     at processEmit (C:\Program Files\nodejs\node_modules\npm\node_modules\npm-registry-client\node_modules\npmlog\node_modules\gauge\node_modules\signal-exit\index.js:146:32)
27 verbose stack     at Signal.wrap.onsignal (internal/process.js:217:44)
28 verbose cwd C:\Project\loginapp
29 error Windows_NT 10.0.15063
30 error argv "C:\\Program Files\\nodejs\\node.exe" "C:\\Program Files\\nodejs\\node_modules\\npm\\bin\\npm-cli.js" "install" "socket.io" "--save"
31 error node v6.11.4
32 error npm  v3.10.10
33 error code ENOSYS
34 error errno ENOSYS
35 error syscall kill
36 error kill ENOSYS
37 error If you need help, you may report this error at:
37 error     <https://github.com/npm/npm/issues>
38 verbose exit [ 1, true ]
